/srv/flash1/xye87/.apptainer/tmp
Warning: running in conda env, please deactivate before executing this script
If conda is desired please source setup_conda_env.sh in your python 3.11 conda env and run python normally
[Info] [carb] Logging to file: /isaac-sim/kit/logs/Kit/Isaac-Sim/5.1/kit_20260217_103517.log
2026-02-17T15:35:28Z [11,529ms] [Warning] [omni.platforminfo.plugin] failed to open the default display.  Can't verify X Server version.
2026-02-17T15:35:29Z [11,718ms] [Warning] [omni.usd_config.extension] Enable omni.materialx.libs extension to use MaterialX
2026-02-17T15:35:34Z [17,279ms] [Warning] [carb] Acquiring non optional plugin interface which is not listed as dependency: [omni::physx::IPhysxBenchmarks v1.0] (plugin: <default plugin>), by client: omni.physics.physx.plugin. Add it to CARB_PLUGIN_IMPL_DEPS() macro of a client.
2026-02-17T15:35:35Z [17,979ms] [Warning] [omni.isaac.dynamic_control] omni.isaac.dynamic_control is deprecated as of Isaac Sim 4.5. No action is needed from end-users.
2026-02-17T15:35:52Z [34,938ms] [Warning] [carb.cudainterop.plugin] CUDA_VISIBLE_DEVICES environment variable is set.
2026-02-17T15:35:52Z [34,938ms] [Warning] [carb.cudainterop.plugin] Note CUDA device enumeration and Omniverse device enumeration are different.
2026-02-17T15:35:52Z [34,938ms] [Warning] [carb.cudainterop.plugin] Setting CUDA_VISIBLE_DEVICES can lead to undesired behavior or crashes.

|---------------------------------------------------------------------------------------------|
| Driver Version: 550.54.14     | Graphics API: Vulkan
|=============================================================================================|
| GPU | Name                             | Active | LDA | GPU Memory | Vendor-ID | LUID       |
|     |                                  |        |     |            | Device-ID | UUID       |
|     |                                  |        |     |            | Bus-ID    |            |
|---------------------------------------------------------------------------------------------|
| 0   | NVIDIA A40                       | Yes: 0 |     | 46068   MB | 10de      | 0          |
|     |                                  |        |     |            | 2235      | f2fc3d4c.. |
|     |                                  |        |     |            | 81        |            |
|=============================================================================================|
| OS: 24.04.2 LTS (Noble Numbat) ubuntu, Version: 24.04.2, Kernel: 5.4.0-165-generic
| Processor: AMD EPYC 7452 32-Core Processor
| Cores: 64 | Logical Cores: 128
|---------------------------------------------------------------------------------------------|
| Total Memory (MB): 515821 | Free Memory: 238153
| Total Page/Swap (MB): 2047 | Free Page/Swap: 1216
|---------------------------------------------------------------------------------------------|
2026-02-17T15:35:53Z [36,612ms] [Warning] [gpu.foundation.plugin] ECC is enabled on physical device 0
[INFO][AppLauncher]: Using device: cuda:0
[INFO][AppLauncher]: Loading experience file: /workspace/isaaclab/apps/isaaclab.python.headless.kit
--------------------------------------------------------------------------------
--------------------------------------------------------------------------------
Input MJCF file: /workspace/isaaclab/assets/robots/mujoco_menagerie/hello_robot_stretch/stretch.xml
MJCF importer config:
    asset_path: /workspace/isaaclab/assets/robots/mujoco_menagerie/hello_robot_stretch/stretch.xml
    usd_dir: /workspace/isaaclab/assets/robots
    usd_file_name: stretch2.usd
    force_usd_conversion: True
    make_instanceable: True
    import_inertia_tensor: True
    fix_base: False
    import_sites: False
    self_collision: False
    link_density: 0.0
--------------------------------------------------------------------------------
--------------------------------------------------------------------------------
2026-02-17T15:35:56Z [38,823ms] [Warning] [omni.physx.plugin] USD stage detach not called, holding a loose ptr to a stage!
2026-02-17T15:35:56Z [39,017ms] [Warning] [carb] Recursive unloadAllPlugins() detected!
(run_singularity.py): Return
