/srv/flash1/xye87/.apptainer/tmp
Warning: running in conda env, please deactivate before executing this script
If conda is desired please source setup_conda_env.sh in your python 3.11 conda env and run python normally
[Info] [carb] Logging to file: /isaac-sim/kit/logs/Kit/Isaac-Sim/5.1/kit_20260208_000206.log
2026-02-08T05:02:16Z [9,707ms] [Warning] [carb.windowing-glfw.plugin] GLFW initialization failed.
2026-02-08T05:02:16Z [9,711ms] [Warning] [carb] Failed to startup plugin carb.windowing-glfw.plugin (interfaces: [carb::windowing::IGLContext v1.0],[carb::windowing::IWindowing v1.5]) (impl: carb.windowing-glfw.plugin)
2026-02-08T05:02:16Z [9,895ms] [Warning] [omni.platforminfo.plugin] failed to open the default display.  Can't verify X Server version.
2026-02-08T05:02:16Z [9,944ms] [Warning] [carb.cudainterop.plugin] CUDA_VISIBLE_DEVICES environment variable is set.
2026-02-08T05:02:16Z [9,952ms] [Warning] [carb.cudainterop.plugin] Note CUDA device enumeration and Omniverse device enumeration are different.
2026-02-08T05:02:16Z [9,960ms] [Warning] [carb.cudainterop.plugin] Setting CUDA_VISIBLE_DEVICES can lead to undesired behavior or crashes.

|---------------------------------------------------------------------------------------------|
| Driver Version: 560.35.03     | Graphics API: Vulkan
|=============================================================================================|
| GPU | Name                             | Active | LDA | GPU Memory | Vendor-ID | LUID       |
|     |                                  |        |     |            | Device-ID | UUID       |
|     |                                  |        |     |            | Bus-ID    |            |
|---------------------------------------------------------------------------------------------|
| 0   | NVIDIA A40                       | Yes: 0 |     | 46068   MB | 10de      | 0          |
|     |                                  |        |     |            | 2235      | 4d4432ce.. |
|     |                                  |        |     |            | 1         |            |
|=============================================================================================|
| OS: 24.04.2 LTS (Noble Numbat) ubuntu, Version: 24.04.2, Kernel: 5.4.0-216-generic
| Processor: AMD EPYC 7452 32-Core Processor
| Cores: 64 | Logical Cores: 128
|---------------------------------------------------------------------------------------------|
| Total Memory (MB): 515820 | Free Memory: 26741
| Total Page/Swap (MB): 2047 | Free Page/Swap: 1409
|---------------------------------------------------------------------------------------------|
2026-02-08T05:02:18Z [11,799ms] [Warning] [gpu.foundation.plugin] ECC is enabled on physical device 0
2026-02-08T05:02:25Z [18,331ms] [Warning] [carb.windowing-glfw.plugin] GLFW initialization failed.
2026-02-08T05:02:25Z [18,331ms] [Warning] [carb] Failed to startup plugin carb.windowing-glfw.plugin (interfaces: [carb::windowing::IGLContext v1.0],[carb::windowing::IWindowing v1.5]) (impl: carb.windowing-glfw.plugin)
2026-02-08T05:02:25Z [18,619ms] [Warning] [carb.windowing-glfw.plugin] GLFW initialization failed.
2026-02-08T05:02:25Z [18,619ms] [Warning] [carb] Failed to startup plugin carb.windowing-glfw.plugin (interfaces: [carb::windowing::IGLContext v1.0],[carb::windowing::IWindowing v1.5]) (impl: carb.windowing-glfw.plugin)
2026-02-08T05:02:25Z [18,637ms] [Warning] [carb.windowing-glfw.plugin] GLFW initialization failed.
2026-02-08T05:02:25Z [18,637ms] [Warning] [carb] Failed to startup plugin carb.windowing-glfw.plugin (interfaces: [carb::windowing::IGLContext v1.0],[carb::windowing::IWindowing v1.5]) (impl: carb.windowing-glfw.plugin)
2026-02-08T05:02:25Z [18,719ms] [Warning] [carb.windowing-glfw.plugin] GLFW initialization failed.
2026-02-08T05:02:25Z [18,719ms] [Warning] [carb] Failed to startup plugin carb.windowing-glfw.plugin (interfaces: [carb::windowing::IGLContext v1.0],[carb::windowing::IWindowing v1.5]) (impl: carb.windowing-glfw.plugin)
2026-02-08T05:02:25Z [18,727ms] [Warning] [carb.windowing-glfw.plugin] GLFW initialization failed.
2026-02-08T05:02:25Z [18,727ms] [Warning] [carb] Failed to startup plugin carb.windowing-glfw.plugin (interfaces: [carb::windowing::IGLContext v1.0],[carb::windowing::IWindowing v1.5]) (impl: carb.windowing-glfw.plugin)
2026-02-08T05:02:25Z [18,734ms] [Warning] [carb.windowing-glfw.plugin] GLFW initialization failed.
2026-02-08T05:02:25Z [18,734ms] [Warning] [carb] Failed to startup plugin carb.windowing-glfw.plugin (interfaces: [carb::windowing::IGLContext v1.0],[carb::windowing::IWindowing v1.5]) (impl: carb.windowing-glfw.plugin)
2026-02-08T05:02:27Z [20,867ms] [Warning] [omni.log] Source: omni.hydra was already registered.
2026-02-08T05:02:30Z [23,721ms] [Warning] [carb] Acquiring non optional plugin interface which is not listed as dependency: [omni::physx::IPhysxBenchmarks v1.0] (plugin: <default plugin>), by client: omni.physics.physx.plugin. Add it to CARB_PLUGIN_IMPL_DEPS() macro of a client.
2026-02-08T05:02:30Z [23,766ms] [Warning] [omni.isaac.dynamic_control] omni.isaac.dynamic_control is deprecated as of Isaac Sim 4.5. No action is needed from end-users.
2026-02-08T05:02:43Z [36,783ms] [Warning] [pxr.Semantics] pxr.Semantics is deprecated - please use Semantics instead
2026-02-08T05:02:46Z [39,827ms] [Warning] [omni.graph.core.plugin] Found duplicate of category 'Replicator' - was 'Annotators', adding 'Fabric Reader'
2026-02-08T05:02:46Z [39,827ms] [Warning] [omni.graph.core.plugin] Category 'Replicator' not accepted on node type 'omni.replicator.core.FabricReader' in extension 'omni.replicator.core'
2026-02-08T05:02:46Z [39,834ms] [Warning] [omni.replicator.core.scripts.extension] No material configuration file, adding configuration to material settings directly.
2026-02-08T05:02:55Z [49,017ms] [Warning] [carb.graphics-vulkan.plugin] Trying to initialize NGX without vkGetInstanceProcAddr and vkGetDeviceProcAddr pointer-to-functions.
[INFO][AppLauncher]: Using device: cuda:0
[INFO][AppLauncher]: Loading experience file: /workspace/isaaclab/apps/isaaclab.python.headless.rendering.kit
[INFO]: Parsing configuration from: isaaclab_tasks.manager_based.classic.cartpole.cartpole_env_cfg:CartpoleEnvCfg
[INFO]: Parsing configuration from: isaaclab_tasks.manager_based.classic.cartpole.agents.rsl_rl_ppo_cfg:CartpolePPORunnerCfg
2026-02-08T05:02:55Z [49,018ms] [Warning] [carb.scenerenderer-rtx.plugin] Failed to create NGX context.
2026-02-08T05:03:24Z [78,039ms] [Warning] [omni.fabric.plugin] Warning: attribute viewportHandle not found for bucket id 7

2026-02-08T05:04:23Z [136,861ms] [Warning] [omni.graph.core.plugin] Could not find category 'Replicator:Annotators' for removal
2026-02-08T05:04:23Z [136,861ms] [Warning] [omni.graph.core.plugin] Could not find category 'Replicator:Annotators' for removal
2026-02-08T05:04:23Z [136,861ms] [Warning] [omni.graph.core.plugin] Could not find category 'Replicator' for removal
2026-02-08T05:04:23Z [136,861ms] [Warning] [omni.graph.core.plugin] Could not find category 'Replicator:Annotators' for removal
2026-02-08T05:04:23Z [136,861ms] [Warning] [omni.graph.core.plugin] Could not find category 'Replicator:Annotators' for removal
2026-02-08T05:04:23Z [136,861ms] [Warning] [omni.graph.core.plugin] Could not find category 'Replicator:Annotators' for removal
2026-02-08T05:04:23Z [136,861ms] [Warning] [omni.graph.core.plugin] Could not find category 'Replicator:Annotators' for removal
2026-02-08T05:04:23Z [136,861ms] [Warning] [omni.graph.core.plugin] Could not find category 'Replicator:Annotators' for removal
2026-02-08T05:04:23Z [136,861ms] [Warning] [omni.graph.core.plugin] Could not find category 'Replicator:Annotators' for removal
2026-02-08T05:04:23Z [136,861ms] [Warning] [omni.graph.core.plugin] Could not find category 'Replicator:Annotators' for removal
2026-02-08T05:04:23Z [136,861ms] [Warning] [omni.graph.core.plugin] Could not find category 'Replicator:Annotators' for removal
2026-02-08T05:04:23Z [136,862ms] [Warning] [omni.graph.core.plugin] Could not find category 'Replicator:Annotators' for removal
2026-02-08T05:04:23Z [136,862ms] [Warning] [omni.graph.core.plugin] Could not find category 'Replicator:Annotators' for removal
2026-02-08T05:04:23Z [136,862ms] [Warning] [omni.graph.core.plugin] Could not find category 'Replicator:Core' for removal
2026-02-08T05:04:23Z [136,866ms] [Warning] [omni.physx.plugin] USD stage detach not called, holding a loose ptr to a stage!
2026-02-08T05:04:23Z [136,885ms] [Warning] [omni.fabric.plugin] gFabricState->gUsdStageToSimStageWithHistoryMap had 1 outstanding SimStageWithHistory(s) at shutdown
2026-02-08T05:04:23Z [137,092ms] [Warning] [carb] Recursive unloadAllPlugins() detected!
There was an error running python
(run_singularity.py): Return
