/srv/flash1/xye87/.apptainer/tmp
(run_singularity.py): Called on compute node from current isaaclab directory /srv/flash1/xye87/spring2026/IsaacLab with container profile isaac-lab_2.3.2 and arguments --task Isaac-Cartpole-v0 --headless --enable-cameras --num_envs 2 --max_iterations 100 --video --video_length 1000
sending incremental file list
docker-isaac-sim/
docker-isaac-sim/cache/
docker-isaac-sim/cache/computecache/
docker-isaac-sim/cache/glcache/
docker-isaac-sim/cache/kit/
docker-isaac-sim/cache/ov/
docker-isaac-sim/cache/pip/
docker-isaac-sim/computecache/
docker-isaac-sim/data/
docker-isaac-sim/documents/
docker-isaac-sim/glcache/
docker-isaac-sim/kit/
docker-isaac-sim/logs/
docker-isaac-sim/ov/
docker-isaac-sim/pip/

sent 446 bytes  received 76 bytes  1,044.00 bytes/sec
total size is 0  speedup is 0.00
(run_singularity.py): Return
